\BOOKMARK [0][-]{chapter.1}{\376\377\000O\000v\000e\000r\000v\000i\000e\000w}{}% 1
\BOOKMARK [0][-]{chapter.2}{\376\377\000I\000n\000s\000t\000a\000l\000l\000a\000t\000i\000o\000n}{}% 2
\BOOKMARK [1][-]{section.2.1}{\376\377\000I\000n\000s\000t\000a\000l\000l\000i\000n\000g\000\040\000o\000n\000\040\000W\000i\000n\000d\000o\000w\000s}{chapter.2}% 3
\BOOKMARK [2][-]{subsection.2.1.1}{\376\377\000T\000h\000e\000\040\000C\000y\000g\000w\000i\000n\000\040\000U\000N\000I\000X\000\040\000E\000n\000v\000i\000r\000o\000n\000m\000e\000n\000t}{section.2.1}% 4
\BOOKMARK [2][-]{subsection.2.1.2}{\376\377\000I\000n\000s\000t\000a\000l\000l\000i\000n\000g\000\040\000C\000y\000g\000w\000i\000n}{section.2.1}% 5
\BOOKMARK [2][-]{subsection.2.1.3}{\376\377\000I\000n\000s\000t\000a\000l\000l\000i\000n\000g\000\040\000t\000h\000e\000\040\000S\000i\000m\000u\000l\000a\000t\000o\000r}{section.2.1}% 6
\BOOKMARK [1][-]{section.2.2}{\376\377\000I\000n\000s\000t\000a\000l\000l\000i\000n\000g\000\040\000o\000n\000\040\000U\000N\000I\000X}{chapter.2}% 7
\BOOKMARK [0][-]{chapter.3}{\376\377\000R\000u\000n\000n\000i\000n\000g\000\040\000t\000h\000e\000\040\000S\000i\000m\000u\000l\000a\000t\000o\000r}{}% 8
\BOOKMARK [1][-]{section.3.1}{\376\377\000M\000o\000d\000e\000l\000\040\000P\000a\000r\000a\000m\000e\000t\000e\000r\000s}{chapter.3}% 9
\BOOKMARK [2][-]{subsection.3.1.1}{\376\377\000M\000a\000c\000G\000r\000e\000g\000o\000r\000\040\000C\000e\000l\000l\000\040\000P\000a\000r\000a\000m\000e\000t\000e\000r\000s}{section.3.1}% 10
\BOOKMARK [2][-]{subsection.3.1.2}{\376\377\000H\000y\000b\000r\000i\000d\000\040\000I\000F\000\040\000C\000e\000l\000l\000\040\000P\000a\000r\000a\000m\000e\000t\000e\000r\000s}{section.3.1}% 11
\BOOKMARK [2][-]{subsection.3.1.3}{\376\377\000P\000u\000l\000m\000o\000n\000a\000r\000y\000\040\000S\000t\000r\000e\000t\000c\000h\000\040\000R\000e\000c\000e\000p\000t\000o\000r\000\040\000P\000a\000r\000a\000m\000e\000t\000e\000r\000s}{section.3.1}% 12
\BOOKMARK [2][-]{subsection.3.1.4}{\376\377\000F\000i\000b\000e\000r\000\040\000P\000o\000p\000u\000l\000a\000t\000i\000o\000n\000\040\000P\000a\000r\000a\000m\000e\000t\000e\000r\000s}{section.3.1}% 13
\BOOKMARK [2][-]{subsection.3.1.5}{\376\377\000A\000x\000o\000n\000/\000S\000y\000n\000a\000p\000s\000e\000\040\000P\000a\000r\000a\000m\000e\000t\000e\000r\000s}{section.3.1}% 14
\BOOKMARK [2][-]{subsection.3.1.6}{\376\377\000S\000y\000n\000a\000p\000s\000e\000\040\000T\000y\000p\000e\000\040\000P\000a\000r\000a\000m\000e\000t\000e\000r\000s}{section.3.1}% 15
\BOOKMARK [2][-]{subsection.3.1.7}{\376\377\000G\000l\000o\000b\000a\000l\000\040\000P\000a\000r\000a\000m\000e\000t\000e\000r\000s}{section.3.1}% 16
\BOOKMARK [1][-]{section.3.2}{\376\377\000T\000h\000e\000\040\000N\000E\000W\000S\000N\000E\000D\000\040\000N\000e\000t\000w\000o\000r\000k\000\040\000E\000d\000i\000t\000o\000r}{chapter.3}% 17
\BOOKMARK [2][-]{subsection.3.2.1}{\376\377\000O\000v\000e\000r\000v\000i\000e\000w\000\040\000o\000f\000\040\000N\000E\000W\000S\000N\000E\000D}{section.3.2}% 18
\BOOKMARK [2][-]{subsection.3.2.2}{\376\377\000T\000h\000e\000\040\000R\000i\000g\000h\000t\000\040\000C\000l\000i\000c\000k\000\040\000M\000e\000n\000u}{section.3.2}% 19
\BOOKMARK [2][-]{subsection.3.2.3}{\376\377\000T\000h\000e\000\040\000F\000i\000l\000e\000\040\000M\000e\000n\000u}{section.3.2}% 20
\BOOKMARK [3][-]{subsubsection.3.2.3.1}{\376\377\000M\000i\000s\000c\000e\000l\000l\000a\000n\000e\000o\000u\000s}{subsection.3.2.3}% 21
\BOOKMARK [3][-]{subsubsection.3.2.3.2}{\376\377\000S\000p\000a\000w\000n}{subsection.3.2.3}% 22
\BOOKMARK [3][-]{subsubsection.3.2.3.3}{\376\377\000P\000a\000r\000a\000l\000l\000e\000l\000\040\000S\000i\000m\000u\000l\000a\000t\000i\000o\000n\000s}{subsection.3.2.3}% 23
\BOOKMARK [2][-]{subsection.3.2.4}{\376\377\000T\000h\000e\000\040\000B\000u\000i\000l\000d\000\040\000M\000e\000n\000u}{section.3.2}% 24
\BOOKMARK [2][-]{subsection.3.2.5}{\376\377\000T\000h\000e\000\040\000O\000p\000t\000i\000o\000n\000\040\000M\000e\000n\000u}{section.3.2}% 25
\BOOKMARK [1][-]{section.3.3}{\376\377\000T\000h\000e\000\040\000S\000i\000m\000u\000l\000a\000t\000o\000r}{chapter.3}% 26
\BOOKMARK [2][-]{subsection.3.3.1}{\376\377\000C\000e\000l\000l\000\040\000C\000o\000o\000r\000d\000i\000n\000a\000t\000e\000s}{section.3.3}% 27
\BOOKMARK [2][-]{subsection.3.3.2}{\376\377\000O\000L\000S\000\040\000G\000e\000n\000e\000r\000a\000t\000i\000o\000n}{section.3.3}% 28
\BOOKMARK [2][-]{subsection.3.3.3}{\376\377\000P\000o\000w\000e\000r\000\040\000S\000p\000e\000c\000t\000r\000u\000m}{section.3.3}% 29
\BOOKMARK [2][-]{subsection.3.3.4}{\376\377\000S\000i\000m\000u\000l\000a\000t\000o\000r\000\040\000O\000p\000t\000i\000o\000n\000s}{section.3.3}% 30
\BOOKMARK [1][-]{section.3.4}{\376\377\000S\000N\000E\000D\000S\000K\000O\000P\000\040\000W\000a\000v\000e\000f\000o\000r\000m\000\040\000D\000i\000s\000p\000l\000a\000y}{chapter.3}% 31
\BOOKMARK [2][-]{subsection.3.4.1}{\376\377\000S\000N\000E\000D\000S\000K\000O\000P\000\040\000F\000i\000l\000e\000\040\000M\000e\000n\000u}{section.3.4}% 32
\BOOKMARK [2][-]{subsection.3.4.2}{\376\377\000S\000N\000E\000D\000S\000K\000O\000P\000\040\000O\000p\000t\000i\000o\000n\000\040\000M\000e\000n\000u}{section.3.4}% 33
\BOOKMARK [2][-]{subsection.3.4.3}{\376\377\000T\000i\000m\000e\000b\000a\000s\000e\000\040\000M\000e\000n\000u}{section.3.4}% 34
\BOOKMARK [2][-]{subsection.3.4.4}{\376\377\000S\000p\000a\000c\000i\000n\000g\000\040\000M\000e\000n\000u}{section.3.4}% 35
\BOOKMARK [2][-]{subsection.3.4.5}{\376\377\000V\000e\000r\000t\000i\000c\000a\000l\000\040\000G\000a\000i\000n\000\040\000M\000e\000n\000u}{section.3.4}% 36
\BOOKMARK [2][-]{subsection.3.4.6}{\376\377\000T\000i\000m\000e\000\040\000M\000a\000r\000k\000e\000r\000s\000\040\000M\000e\000n\000u}{section.3.4}% 37
\BOOKMARK [2][-]{subsection.3.4.7}{\376\377\000V\000o\000l\000t\000a\000g\000e\000\040\000M\000a\000r\000k\000e\000r\000s\000\040\000M\000e\000n\000u}{section.3.4}% 38
\BOOKMARK [1][-]{section.3.5}{\376\377\000T\000h\000e\000\040\000L\000u\000n\000g\000\040\000M\000o\000d\000e\000l}{chapter.3}% 39
\BOOKMARK [2][-]{subsection.3.5.1}{\376\377\000I\000n\000t\000e\000r\000f\000a\000c\000e\000\040\000t\000o\000\040\000t\000h\000e\000\040\000N\000e\000t\000w\000o\000r\000k\000\040\000M\000o\000d\000e\000l}{section.3.5}% 40
\BOOKMARK [3][-]{subsubsection.3.5.1.1}{\376\377\000M\000o\000t\000o\000r\000\040\000P\000o\000p\000u\000l\000a\000t\000i\000o\000n\000s}{subsection.3.5.1}% 41
\BOOKMARK [3][-]{subsubsection.3.5.1.2}{\376\377\000R\000e\000c\000r\000u\000i\000t\000m\000e\000n\000t\000\040\000E\000q\000u\000a\000t\000i\000o\000n\000s}{subsection.3.5.1}% 42
\BOOKMARK [3][-]{subsubsection.3.5.1.3}{\376\377\000P\000u\000l\000m\000o\000n\000a\000r\000y\000\040\000S\000t\000r\000e\000t\000c\000h\000\040\000R\000e\000c\000e\000p\000t\000o\000r\000s}{subsection.3.5.1}% 43
\BOOKMARK [3][-]{subsubsection.3.5.1.4}{\376\377\000V\000a\000r\000i\000a\000b\000l\000e\000\040\000P\000l\000o\000t\000s}{subsection.3.5.1}% 44
\BOOKMARK [1][-]{section.3.6}{\376\377\000U\000t\000i\000l\000i\000t\000i\000e\000s}{chapter.3}% 45
\BOOKMARK [2][-]{subsection.3.6.1}{\376\377\000r\000e\000n\000u\000m\000b\000e\000r}{section.3.6}% 46
\BOOKMARK [2][-]{subsection.3.6.2}{\376\377\000p\000i\000c\000k\000w\000a\000v\000e}{section.3.6}% 47
\BOOKMARK [2][-]{subsection.3.6.3}{\376\377\000p\000i\000c\000k\000e\000d\000t}{section.3.6}% 48
\BOOKMARK [2][-]{subsection.3.6.4}{\376\377\000s\000p\000e\000c\000t\000r\000u\000m}{section.3.6}% 49
\BOOKMARK [2][-]{subsection.3.6.5}{\376\377\000t\000x\000t\0002\000f\000l\000t}{section.3.6}% 50
\BOOKMARK [2][-]{subsection.3.6.6}{\376\377\000w\000a\000v\000e\0002\000p\000s}{section.3.6}% 51
\BOOKMARK [2][-]{subsection.3.6.7}{\376\377\000m\000e\000r\000g\000e}{section.3.6}% 52
\BOOKMARK [2][-]{subsection.3.6.8}{\376\377\000p\000o\000w\000e\000r\000\137\000s\000p\000e\000c\000t\000r\000u\000m\000.\000s\000h}{section.3.6}% 53
\BOOKMARK [0][-]{chapter.4}{\376\377\000L\000u\000n\000g\000\040\000M\000o\000d\000e\000l\000\040\000I\000n\000t\000e\000r\000n\000a\000l\000s}{}% 54
\BOOKMARK [1][-]{section.4.1}{\376\377\000T\000h\000e\000\040\000T\000o\000p\000\040\000L\000e\000v\000e\000l}{chapter.4}% 55
\BOOKMARK [2][-]{subsection.4.1.1}{\376\377\000T\000h\000e\000\040\000M\000o\000t\000o\000r\000\040\000O\000u\000t\000p\000u\000t\000s}{section.4.1}% 56
\BOOKMARK [1][-]{section.4.2}{\376\377\000T\000h\000e\000\040\000P\000r\000e\000s\000s\000u\000r\000e\000\040\000E\000q\000u\000a\000t\000i\000o\000n\000s}{chapter.4}% 57
\BOOKMARK [2][-]{subsection.4.2.1}{\376\377\000P\000r\000e\000s\000s\000u\000r\000e\000\040\000b\000a\000l\000a\000n\000c\000e\000\040\000o\000n\000\040\000t\000h\000e\000\040\000r\000i\000b\000\040\000c\000a\000g\000e}{section.4.2}% 58
\BOOKMARK [2][-]{subsection.4.2.2}{\376\377\000P\000r\000e\000s\000s\000u\000r\000e\000\040\000b\000a\000l\000a\000n\000c\000e\000\040\000o\000n\000\040\000t\000h\000e\000\040\000l\000u\000n\000g}{section.4.2}% 59
\BOOKMARK [2][-]{subsection.4.2.3}{\376\377\000P\000r\000e\000s\000s\000u\000r\000e\000\040\000b\000a\000l\000a\000n\000c\000e\000\040\000o\000n\000\040\000t\000h\000e\000\040\000d\000i\000a\000p\000h\000r\000a\000g\000m}{section.4.2}% 60
\BOOKMARK [2][-]{subsection.4.2.4}{\376\377\000P\000r\000e\000s\000s\000u\000r\000e\000\040\000b\000a\000l\000a\000n\000c\000e\000\040\000o\000n\000\040\000t\000h\000e\000\040\000a\000b\000d\000o\000m\000i\000n\000a\000l\000\040\000w\000a\000l\000l}{section.4.2}% 61
\BOOKMARK [2][-]{subsection.4.2.5}{\376\377\000P\000r\000e\000s\000s\000u\000r\000e\000\040\000d\000r\000o\000p\000\040\000a\000c\000r\000o\000s\000s\000\040\000t\000h\000e\000\040\000l\000a\000r\000y\000n\000x}{section.4.2}% 62
\BOOKMARK [1][-]{section.4.3}{\376\377\000D\000e\000r\000i\000v\000i\000n\000g\000\040\000t\000h\000e\000\040\000M\000o\000d\000e\000l\000\040\000E\000q\000u\000a\000t\000i\000o\000n\000s\000\040\000f\000r\000o\000m\000\040\000t\000h\000e\000\040\000P\000r\000e\000s\000s\000u\000r\000e\000\040\000E\000q\000u\000a\000t\000i\000o\000n\000s}{chapter.4}% 63
\BOOKMARK [1][-]{section.4.4}{\376\377\000T\000h\000e\000\040\000V\000o\000l\000u\000m\000e\000\040\000E\000q\000u\000a\000t\000i\000o\000n\000s}{chapter.4}% 64
\BOOKMARK [2][-]{subsection.4.4.1}{\376\377\000A\000b\000d\000o\000m\000i\000n\000a\000l\000\040\000V\000o\000l\000u\000m\000e}{section.4.4}% 65
\BOOKMARK [2][-]{subsection.4.4.2}{\376\377\000R\000i\000b\000\040\000C\000a\000g\000e\000\040\000V\000o\000l\000u\000m\000e}{section.4.4}% 66
\BOOKMARK [1][-]{section.4.5}{\376\377\000T\000r\000a\000c\000h\000e\000a\000l\000\040\000F\000l\000o\000w}{chapter.4}% 67
\BOOKMARK [1][-]{section.4.6}{\376\377\000A\000i\000r\000w\000a\000y\000\040\000R\000e\000s\000i\000s\000t\000a\000n\000c\000e}{chapter.4}% 68
\BOOKMARK [1][-]{section.4.7}{\376\377\000R\000e\000c\000o\000i\000l\000\040\000P\000r\000e\000s\000s\000u\000r\000e\000\040\000o\000f\000\040\000t\000h\000e\000\040\000L\000u\000n\000g}{chapter.4}% 69
\BOOKMARK [1][-]{section.4.8}{\376\377\000A\000b\000d\000o\000m\000i\000n\000a\000l\000\040\000F\000r\000a\000c\000t\000i\000o\000n\000\040\000o\000f\000\040\000R\000i\000b\000\040\000C\000a\000g\000e}{chapter.4}% 70
\BOOKMARK [1][-]{section.4.9}{\376\377\000R\000e\000c\000o\000i\000l\000\040\000P\000r\000e\000s\000s\000u\000r\000e\000\040\000o\000f\000\040\000t\000h\000e\000\040\000D\000i\000a\000p\000h\000r\000a\000g\000m}{chapter.4}% 71
\BOOKMARK [2][-]{subsection.4.9.1}{\376\377\000F\000f\000l}{section.4.9}% 72
\BOOKMARK [3][-]{subsubsection.4.9.1.1}{\376\377\000L\000d\000i\000\137\000m\000i\000n}{subsection.4.9.1}% 73
\BOOKMARK [2][-]{subsection.4.9.2}{\376\377\000F\000f\000v}{section.4.9}% 74
\BOOKMARK [1][-]{section.4.10}{\376\377\000P\000r\000e\000s\000s\000u\000r\000e\000\040\000o\000f\000\040\000t\000h\000e\000\040\000I\000n\000t\000e\000r\000c\000o\000s\000t\000a\000l\000\040\000a\000n\000d\000\040\000A\000c\000c\000e\000s\000s\000o\000r\000y\000\040\000M\000u\000s\000c\000l\000e\000s}{chapter.4}% 75
\BOOKMARK [1][-]{section.4.11}{\376\377\000R\000e\000c\000o\000i\000l\000\040\000P\000r\000e\000s\000s\000u\000r\000e\000\040\000o\000f\000\040\000t\000h\000e\000\040\000R\000i\000b\000\040\000C\000a\000g\000e}{chapter.4}% 76
\BOOKMARK [2][-]{subsection.4.11.1}{\376\377\000V\000r\000c\000\137\000m\000a\000x}{section.4.11}% 77
\BOOKMARK [2][-]{subsection.4.11.2}{\376\377\000V\000r\000c\000\137\000m\000i\000n}{section.4.11}% 78
\BOOKMARK [2][-]{subsection.4.11.3}{\376\377\000V\000r\000c\000\137\000d\000i\000v}{section.4.11}% 79
\BOOKMARK [2][-]{subsection.4.11.4}{\376\377\000V\000r\000c\000\137\000a\000d\000d}{section.4.11}% 80
\BOOKMARK [1][-]{section.4.12}{\376\377\000R\000e\000c\000o\000i\000l\000\040\000P\000r\000e\000s\000s\000u\000r\000e\000\040\000o\000f\000\040\000t\000h\000e\000\040\000A\000b\000d\000o\000m\000i\000n\000a\000l\000\040\000W\000a\000l\000l}{chapter.4}% 81
\BOOKMARK [2][-]{subsection.4.12.1}{\376\377\000F\000f\000l}{section.4.12}% 82
\BOOKMARK [3][-]{subsubsection.4.12.1.1}{\376\377\000L\000C\000E}{subsection.4.12.1}% 83
\BOOKMARK [2][-]{subsection.4.12.2}{\376\377\000F\000f\000v}{section.4.12}% 84
\BOOKMARK [1][-]{section.4.13}{\376\377\000V\000o\000l\000u\000m\000e\000\040\000P\000a\000r\000a\000m\000e\000t\000e\000r\000s}{chapter.4}% 85
\BOOKMARK [0][-]{chapter*.33}{\376\377\000B\000i\000b\000l\000i\000o\000g\000r\000a\000p\000h\000y}{}% 86
